<?xml version="1.0" ?>
<!DOCTYPE coverage SYSTEM "http://cobertura.sourceforge.net/xml/coverage-04.dtd">
<coverage lines-valid="30"  lines-covered="30"  line-rate="1"  branches-valid="16"  branches-covered="16"  branch-rate="1"  timestamp="1381434437861" complexity="0" version="0.1">
<sources>
	<source>/home/intellibook/development/git/grunt-sample</source>
</sources>
<packages>
	<package name="src"  line-rate="1"  branch-rate="1" >
	<classes>
		<class name="Factory.js"  filename="src/Factory.js"  line-rate="1"  branch-rate="1" >
		<methods>
			<method name="Factory"  hits="1"  signature="()V" >
				<lines><line number="11"  hits="1" /></lines>
			</method>
			<method name="create"  hits="2"  signature="()V" >
				<lines><line number="20"  hits="2" /></lines>
			</method>
		</methods>
		<lines>
			<line number="4"  hits="1"  branch="false" />
			<line number="11"  hits="1"  branch="false" />
			<line number="20"  hits="1"  branch="false" />
			<line number="21"  hits="2"  branch="false" />
			<line number="22"  hits="2"  branch="true"  condition-coverage="100% (4/4)" />
			<line number="23"  hits="1"  branch="false" />
			<line number="24"  hits="1"  branch="false" />
			<line number="25"  hits="1"  branch="false" />
			<line number="26"  hits="2"  branch="false" />
			<line number="30"  hits="2"  branch="false" />
		</lines>
		</class>
		<class name="payment.js"  filename="src/payment.js"  line-rate="1"  branch-rate="1" >
		<methods>
			<method name="Payment"  hits="3"  signature="()V" >
				<lines><line number="13"  hits="3" /></lines>
			</method>
			<method name="getAmount"  hits="6"  signature="()V" >
				<lines><line number="26"  hits="6" /></lines>
			</method>
			<method name="setAmount"  hits="3"  signature="()V" >
				<lines><line number="34"  hits="3" /></lines>
			</method>
		</methods>
		<lines>
			<line number="5"  hits="1"  branch="false" />
			<line number="13"  hits="1"  branch="false" />
			<line number="14"  hits="3"  branch="true"  condition-coverage="100% (2/2)" />
			<line number="20"  hits="3"  branch="true"  condition-coverage="100% (2/2)" />
			<line number="26"  hits="3"  branch="false" />
			<line number="27"  hits="6"  branch="false" />
			<line number="34"  hits="3"  branch="false" />
			<line number="35"  hits="3"  branch="false" />
		</lines>
		</class>
		<class name="user.js"  filename="src/user.js"  line-rate="1"  branch-rate="1" >
		<methods>
			<method name="User"  hits="4"  signature="()V" >
				<lines><line number="13"  hits="4" /></lines>
			</method>
			<method name="getName"  hits="4"  signature="()V" >
				<lines><line number="38"  hits="4" /></lines>
			</method>
			<method name="getFullName"  hits="4"  signature="()V" >
				<lines><line number="46"  hits="4" /></lines>
			</method>
			<method name="isAdult"  hits="4"  signature="()V" >
				<lines><line number="54"  hits="4" /></lines>
			</method>
		</methods>
		<lines>
			<line number="5"  hits="1"  branch="false" />
			<line number="13"  hits="1"  branch="false" />
			<line number="14"  hits="4"  branch="true"  condition-coverage="100% (2/2)" />
			<line number="20"  hits="4"  branch="true"  condition-coverage="100% (2/2)" />
			<line number="26"  hits="4"  branch="true"  condition-coverage="100% (2/2)" />
			<line number="32"  hits="4"  branch="true"  condition-coverage="100% (2/2)" />
			<line number="38"  hits="4"  branch="false" />
			<line number="39"  hits="4"  branch="false" />
			<line number="46"  hits="4"  branch="false" />
			<line number="47"  hits="4"  branch="false" />
			<line number="54"  hits="4"  branch="false" />
			<line number="55"  hits="4"  branch="false" />
		</lines>
		</class>
	</classes>
	</package>
</packages>
</coverage>
