<?xml version="1.0" encoding="UTF-8" ?>
<testsuites>

  <testsuite name="Payment" errors="0" tests="5" failures="0" time="0.021" timestamp="2013-10-10T19:47:17.377Z">
    
      <testcase assertions="1" classname="Payment" name="payment object has the right type" time="0.003">
        
      </testcase>
    
      <testcase assertions="1" classname="Payment" name="get right amount" time="0.002">
        
      </testcase>
    
      <testcase assertions="1" classname="Payment" name="set new amount" time="0.002">
        
      </testcase>
    
      <testcase assertions="1" classname="Payment" name="get right amount" time="0.002">
        
      </testcase>
    
      <testcase assertions="1" classname="Payment" name="set new amount" time="0.002">
        
      </testcase>
    
  </testsuite>

</testsuites>