{"src/Factory.js":{"path":"src/Factory.js","s":{"1":1,"2":1,"3":1,"4":2,"5":2,"6":1,"7":1,"8":1,"9":2,"10":2},"b":{"1":[1,1],"2":[2,1]},"f":{"1":1,"2":2},"fnMap":{"1":{"name":"Factory","line":11,"loc":{"start":{"line":11,"column":0},"end":{"line":11,"column":19}}},"2":{"name":"create","line":20,"loc":{"start":{"line":20,"column":18},"end":{"line":20,"column":56}}}},"statementMap":{"1":{"start":{"line":4,"column":0},"end":{"line":4,"column":13}},"2":{"start":{"line":11,"column":0},"end":{"line":32,"column":1}},"3":{"start":{"line":20,"column":4},"end":{"line":31,"column":6}},"4":{"start":{"line":21,"column":8},"end":{"line":21,"column":38}},"5":{"start":{"line":22,"column":8},"end":{"line":29,"column":9}},"6":{"start":{"line":23,"column":12},"end":{"line":28,"column":13}},"7":{"start":{"line":24,"column":16},"end":{"line":24,"column":49}},"8":{"start":{"line":25,"column":16},"end":{"line":27,"column":17}},"9":{"start":{"line":26,"column":20},"end":{"line":26,"column":50}},"10":{"start":{"line":30,"column":8},"end":{"line":30,"column":23}}},"branchMap":{"1":{"line":22,"type":"if","locations":[{"start":{"line":22,"column":8},"end":{"line":22,"column":8}},{"start":{"line":22,"column":8},"end":{"line":22,"column":8}}]},"2":{"line":22,"type":"binary-expr","locations":[{"start":{"line":22,"column":11},"end":{"line":22,"column":18}},{"start":{"line":22,"column":22},"end":{"line":22,"column":36}}]}}},"src/payment.js":{"path":"src/payment.js","s":{"1":1,"2":1,"3":3,"4":3,"5":3,"6":6,"7":3,"8":3},"b":{"1":[3,1],"2":[3,2]},"f":{"1":3,"2":6,"3":3},"fnMap":{"1":{"name":"Payment","line":13,"loc":{"start":{"line":13,"column":0},"end":{"line":13,"column":25}}},"2":{"name":"getAmount","line":26,"loc":{"start":{"line":26,"column":21},"end":{"line":26,"column":42}}},"3":{"name":"setAmount","line":34,"loc":{"start":{"line":34,"column":21},"end":{"line":34,"column":47}}}},"statementMap":{"1":{"start":{"line":5,"column":0},"end":{"line":5,"column":13}},"2":{"start":{"line":13,"column":0},"end":{"line":37,"column":1}},"3":{"start":{"line":14,"column":4},"end":{"line":14,"column":26}},"4":{"start":{"line":20,"column":4},"end":{"line":20,"column":36}},"5":{"start":{"line":26,"column":4},"end":{"line":28,"column":6}},"6":{"start":{"line":27,"column":8},"end":{"line":27,"column":22}},"7":{"start":{"line":34,"column":4},"end":{"line":36,"column":6}},"8":{"start":{"line":35,"column":8},"end":{"line":35,"column":23}}},"branchMap":{"1":{"line":14,"type":"binary-expr","locations":[{"start":{"line":14,"column":13},"end":{"line":14,"column":19}},{"start":{"line":14,"column":23},"end":{"line":14,"column":25}}]},"2":{"line":20,"type":"binary-expr","locations":[{"start":{"line":20,"column":17},"end":{"line":20,"column":30}},{"start":{"line":20,"column":34},"end":{"line":20,"column":35}}]}}},"src/user.js":{"path":"src/user.js","s":{"1":1,"2":1,"3":4,"4":1,"5":4,"6":4,"7":4,"8":4,"9":4,"10":4,"11":4,"12":4,"13":4},"b":{"1":[1,3],"2":[4,1],"3":[4,1],"4":[4,4]},"f":{"1":4,"2":4,"3":4,"4":4},"fnMap":{"1":{"name":"User","line":13,"loc":{"start":{"line":13,"column":0},"end":{"line":13,"column":22}}},"2":{"name":"getName","line":38,"loc":{"start":{"line":38,"column":19},"end":{"line":38,"column":38}}},"3":{"name":"getFullName","line":46,"loc":{"start":{"line":46,"column":23},"end":{"line":46,"column":46}}},"4":{"name":"isAdult","line":54,"loc":{"start":{"line":54,"column":19},"end":{"line":54,"column":38}}}},"statementMap":{"1":{"start":{"line":5,"column":0},"end":{"line":5,"column":13}},"2":{"start":{"line":13,"column":0},"end":{"line":57,"column":1}},"3":{"start":{"line":14,"column":4},"end":{"line":14,"column":33}},"4":{"start":{"line":14,"column":19},"end":{"line":14,"column":31}},"5":{"start":{"line":20,"column":4},"end":{"line":20,"column":33}},"6":{"start":{"line":26,"column":4},"end":{"line":26,"column":39}},"7":{"start":{"line":32,"column":4},"end":{"line":32,"column":30}},"8":{"start":{"line":38,"column":4},"end":{"line":40,"column":6}},"9":{"start":{"line":39,"column":8},"end":{"line":39,"column":20}},"10":{"start":{"line":46,"column":4},"end":{"line":48,"column":6}},"11":{"start":{"line":47,"column":8},"end":{"line":47,"column":36}},"12":{"start":{"line":54,"column":4},"end":{"line":56,"column":6}},"13":{"start":{"line":55,"column":8},"end":{"line":55,"column":25}}},"branchMap":{"1":{"line":14,"type":"if","locations":[{"start":{"line":14,"column":4},"end":{"line":14,"column":4}},{"start":{"line":14,"column":4},"end":{"line":14,"column":4}}]},"2":{"line":20,"type":"binary-expr","locations":[{"start":{"line":20,"column":15},"end":{"line":20,"column":26}},{"start":{"line":20,"column":30},"end":{"line":20,"column":32}}]},"3":{"line":26,"type":"binary-expr","locations":[{"start":{"line":26,"column":18},"end":{"line":26,"column":32}},{"start":{"line":26,"column":36},"end":{"line":26,"column":38}}]},"4":{"line":32,"type":"binary-expr","locations":[{"start":{"line":32,"column":14},"end":{"line":32,"column":24}},{"start":{"line":32,"column":28},"end":{"line":32,"column":29}}]}}}}